0 info it worked if it ends with ok
1 verbose cli [ 'node', '/usr/local/bin/npm', 'publish' ]
2 info using npm@1.4.13
3 info using node@v0.10.28
4 verbose node symlink /usr/local/bin/node
5 verbose publish [ '.' ]
6 verbose cache add [ '.', null ]
7 verbose cache add name=undefined spec="." args=[".",null]
8 verbose parsed url { protocol: null,
8 verbose parsed url   slashes: null,
8 verbose parsed url   auth: null,
8 verbose parsed url   host: null,
8 verbose parsed url   port: null,
8 verbose parsed url   hostname: null,
8 verbose parsed url   hash: null,
8 verbose parsed url   search: null,
8 verbose parsed url   query: null,
8 verbose parsed url   pathname: '.',
8 verbose parsed url   path: '.',
8 verbose parsed url   href: '.' }
9 silly lockFile 3a52ce78- .
10 verbose lock . /Users/mathias/.npm/3a52ce78-.lock
11 verbose tar pack [ '/Users/mathias/.npm/unicode-2.1.2/0.1.4/package.tgz', '.' ]
12 verbose tarball /Users/mathias/.npm/unicode-2.1.2/0.1.4/package.tgz
13 verbose folder .
14 info prepublish unicode-2.1.2@0.1.4
15 silly lockFile 1f1177db-tar tar://.
16 verbose lock tar://. /Users/mathias/.npm/1f1177db-tar.lock
17 silly lockFile 83f3800b--unicode-2-1-2-0-1-4-package-tgz tar:///Users/mathias/.npm/unicode-2.1.2/0.1.4/package.tgz
18 verbose lock tar:///Users/mathias/.npm/unicode-2.1.2/0.1.4/package.tgz /Users/mathias/.npm/83f3800b--unicode-2-1-2-0-1-4-package-tgz.lock
19 silly lockFile 1f1177db-tar tar://.
20 silly lockFile 1f1177db-tar tar://.
21 silly lockFile 83f3800b--unicode-2-1-2-0-1-4-package-tgz tar:///Users/mathias/.npm/unicode-2.1.2/0.1.4/package.tgz
22 silly lockFile 83f3800b--unicode-2-1-2-0-1-4-package-tgz tar:///Users/mathias/.npm/unicode-2.1.2/0.1.4/package.tgz
23 silly lockFile 9f34e40f--npm-unicode-2-1-2-0-1-4-package /Users/mathias/.npm/unicode-2.1.2/0.1.4/package
24 verbose lock /Users/mathias/.npm/unicode-2.1.2/0.1.4/package /Users/mathias/.npm/9f34e40f--npm-unicode-2-1-2-0-1-4-package.lock
25 silly lockFile 9f34e40f--npm-unicode-2-1-2-0-1-4-package /Users/mathias/.npm/unicode-2.1.2/0.1.4/package
26 silly lockFile 9f34e40f--npm-unicode-2-1-2-0-1-4-package /Users/mathias/.npm/unicode-2.1.2/0.1.4/package
27 silly lockFile 3a52ce78- .
28 silly lockFile 3a52ce78- .
29 silly publish { name: 'unicode-2.1.2',
29 silly publish   version: '0.1.4',
29 silly publish   description: 'JavaScript-compatible Unicode data. Arrays of code points, arrays of symbols, and regular expressions for Unicode v2.1.2’s categories, scripts, blocks, bidi, and other properties.',
29 silly publish   homepage: 'http://mths.be/node-unicode-data',
29 silly publish   main: 'index.js',
29 silly publish   keywords:
29 silly publish    [ 'unicode',
29 silly publish      'unicode-data',
29 silly publish      'code points',
29 silly publish      'symbols',
29 silly publish      'characters',
29 silly publish      'bidi',
29 silly publish      'case-folding',
29 silly publish      'regex',
29 silly publish      'regexp',
29 silly publish      'data' ],
29 silly publish   licenses: [ { type: 'MIT', url: 'http://mths.be/mit' } ],
29 silly publish   author: { name: 'Mathias Bynens', url: 'http://mathiasbynens.be/' },
29 silly publish   repository:
29 silly publish    { type: 'git',
29 silly publish      url: 'https://github.com/mathiasbynens/node-unicode-data.git' },
29 silly publish   bugs: { url: 'https://github.com/mathiasbynens/node-unicode-data/issues' },
29 silly publish   readme: '# Unicode v2.1.2 data\n\nJavaScript-compatible Unicode data for use in Node.js. Included: arrays of code points, arrays of symbols, and regular expressions for Unicode v2.1.2’s categories, scripts, blocks, and properties, as well as bidi mirroring and case folding data.\n\nThe data files in this module are generated as part of the [node-unicode-data](http://mths.be/node-unicode-data) project. Please report any bugs or requests [in the appropriate issue tracker](https://github.com/mathiasbynens/node-unicode-data/issues).\n\n## Installation\n\n```bash\nnpm install unicode-2.1.2 --save\n```\n\n## Regular expressions\n\nThe Unicode data modules ship with pre-compiled regular expressions for categories, scripts, blocks, and properties. But maybe you want to create a single regular expression that combines several categories, scripts, etc. In that case, [***you should use Regenerate***](http://mths.be/regenerate). For example, to construct a regex that matches all symbols in the Arabic and Greek scripts as per Unicode v6.3.0:\n\n```js\nvar regenerate = require(\'regenerate\');\nvar set = regenerate()\n  .add(require(\'unicode-6.3.0/scripts/Arabic/code-points\')) // or `…/symbols`, doesn’t matter\n  .add(require(\'unicode-6.3.0/scripts/Greek/code-points\')); // or `…/symbols`, doesn’t matter\nconsole.log(set.toString());\n// Then you might want to use a template like this to write the result to a file, along with any regex flags you might need:\n// var regex = /<%= set.toString() %>/gim;\n```\n\n## Usage\n\n```js\n// Get an array of code points in a given Unicode category:\nvar codePoints = require(\'unicode-2.1.2/categories/Lu/code-points\');\n// Get an array of symbols (strings) in a given Unicode category:\nvar symbols = require(\'unicode-2.1.2/categories/Lu/symbols\');\n// Get a regular expression that matches any symbol in a given Unicode category:\nvar regex = require(\'unicode-2.1.2/categories/Lu/regex\');\n// Get the canonical category a given code point belongs to:\n// (Note: U+0041 is LATIN CAPITAL LETTER A)\nvar category = require(\'unicode-2.1.2/categories\')[ 0x41 ];\n// Get an array of all code points with the `Bidi_ON` bidi property:\nvar on = require(\'unicode-2.1.2/bidi/ON/code-points\');\n// Get the directionality of a given code point:\nvar directionality = require(\'unicode-2.1.2/bidi\')[ 0x41 ];\n\n// …you get the idea.\n```\n\nOther than categories, data on Unicode properties, blocks, and scripts is available too (for recent versions of the Unicode standard). Here’s the full list of the available data for v2.1.2:\n\n```js\n// properties:\n\nrequire(\'unicode-2.1.2/properties/Any/code-points\');\nrequire(\'unicode-2.1.2/properties/Any/symbols\');\nrequire(\'unicode-2.1.2/properties/Any/regex\');\n\nrequire(\'unicode-2.1.2/properties/Assigned/code-points\');\nrequire(\'unicode-2.1.2/properties/Assigned/symbols\');\nrequire(\'unicode-2.1.2/properties/Assigned/regex\');\n\nrequire(\'unicode-2.1.2/properties/ASCII/code-points\');\nrequire(\'unicode-2.1.2/properties/ASCII/symbols\');\nrequire(\'unicode-2.1.2/properties/ASCII/regex\');\n\n// categories:\n\nrequire(\'unicode-2.1.2/categories\')[ codePoint ]; // lookup array\n\nrequire(\'unicode-2.1.2/categories/Cc/code-points\');\nrequire(\'unicode-2.1.2/categories/Cc/symbols\');\nrequire(\'unicode-2.1.2/categories/Cc/regex\');\n\nrequire(\'unicode-2.1.2/categories/C/code-points\');\nrequire(\'unicode-2.1.2/categories/C/symbols\');\nrequire(\'unicode-2.1.2/categories/C/regex\');\n\nrequire(\'unicode-2.1.2/categories/Zs/code-points\');\nrequire(\'unicode-2.1.2/categories/Zs/symbols\');\nrequire(\'unicode-2.1.2/categories/Zs/regex\');\n\nrequire(\'unicode-2.1.2/categories/Z/code-points\');\nrequire(\'unicode-2.1.2/categories/Z/symbols\');\nrequire(\'unicode-2.1.2/categories/Z/regex\');\n\nrequire(\'unicode-2.1.2/categories/Po/code-points\');\nrequire(\'unicode-2.1.2/categories/Po/symbols\');\nrequire(\'unicode-2.1.2/categories/Po/regex\');\n\nrequire(\'unicode-2.1.2/categories/P/code-points\');\nrequire(\'unicode-2.1.2/categories/P/symbols\');\nrequire(\'unicode-2.1.2/categories/P/regex\');\n\nrequire(\'unicode-2.1.2/categories/Sc/code-points\');\nrequire(\'unicode-2.1.2/categories/Sc/symbols\');\nrequire(\'unicode-2.1.2/categories/Sc/regex\');\n\nrequire(\'unicode-2.1.2/categories/S/code-points\');\nrequire(\'unicode-2.1.2/categories/S/symbols\');\nrequire(\'unicode-2.1.2/categories/S/regex\');\n\nrequire(\'unicode-2.1.2/categories/Ps/code-points\');\nrequire(\'unicode-2.1.2/categories/Ps/symbols\');\nrequire(\'unicode-2.1.2/categories/Ps/regex\');\n\nrequire(\'unicode-2.1.2/categories/Pe/code-points\');\nrequire(\'unicode-2.1.2/categories/Pe/symbols\');\nrequire(\'unicode-2.1.2/categories/Pe/regex\');\n\nrequire(\'unicode-2.1.2/categories/Sm/code-points\');\nrequire(\'unicode-2.1.2/categories/Sm/symbols\');\nrequire(\'unicode-2.1.2/categories/Sm/regex\');\n\nrequire(\'unicode-2.1.2/categories/Pd/code-points\');\nrequire(\'unicode-2.1.2/categories/Pd/symbols\');\nrequire(\'unicode-2.1.2/categories/Pd/regex\');\n\nrequire(\'unicode-2.1.2/categories/Nd/code-points\');\nrequire(\'unicode-2.1.2/categories/Nd/symbols\');\nrequire(\'unicode-2.1.2/categories/Nd/regex\');\n\nrequire(\'unicode-2.1.2/categories/N/code-points\');\nrequire(\'unicode-2.1.2/categories/N/symbols\');\nrequire(\'unicode-2.1.2/categories/N/regex\');\n\nrequire(\'unicode-2.1.2/categories/Lu/code-points\');\nrequire(\'unicode-2.1.2/categories/Lu/symbols\');\nrequire(\'unicode-2.1.2/categories/Lu/regex\');\n\nrequire(\'unicode-2.1.2/categories/L/code-points\');\nrequire(\'unicode-2.1.2/categories/L/symbols\');\nrequire(\'unicode-2.1.2/categories/L/regex\');\n\nrequire(\'unicode-2.1.2/categories/LC/code-points\');\nrequire(\'unicode-2.1.2/categories/LC/symbols\');\nrequire(\'unicode-2.1.2/categories/LC/regex\');\n\nrequire(\'unicode-2.1.2/categories/Sk/code-points\');\nrequire(\'unicode-2.1.2/categories/Sk/symbols\');\nrequire(\'unicode-2.1.2/categories/Sk/regex\');\n\nrequire(\'unicode-2.1.2/categories/Pc/code-points\');\nrequire(\'unicode-2.1.2/categories/Pc/symbols\');\nrequire(\'unicode-2.1.2/categories/Pc/regex\');\n\nrequire(\'unicode-2.1.2/categories/Ll/code-points\');\nrequire(\'unicode-2.1.2/categories/Ll/symbols\');\nrequire(\'unicode-2.1.2/categories/Ll/regex\');\n\nrequire(\'unicode-2.1.2/categories/So/code-points\');\nrequire(\'unicode-2.1.2/categories/So/symbols\');\nrequire(\'unicode-2.1.2/categories/So/regex\');\n\nrequire(\'unicode-2.1.2/categories/No/code-points\');\nrequire(\'unicode-2.1.2/categories/No/symbols\');\nrequire(\'unicode-2.1.2/categories/No/regex\');\n\nrequire(\'unicode-2.1.2/categories/Lo/code-points\');\nrequire(\'unicode-2.1.2/categories/Lo/symbols\');\nrequire(\'unicode-2.1.2/categories/Lo/regex\');\n\nrequire(\'unicode-2.1.2/categories/Lt/code-points\');\nrequire(\'unicode-2.1.2/categories/Lt/symbols\');\nrequire(\'unicode-2.1.2/categories/Lt/regex\');\n\nrequire(\'unicode-2.1.2/categories/Cn/code-points\');\nrequire(\'unicode-2.1.2/categories/Cn/symbols\');\nrequire(\'unicode-2.1.2/categories/Cn/regex\');\n\nrequire(\'unicode-2.1.2/categories/Lm/code-points\');\nrequire(\'unicode-2.1.2/categories/Lm/symbols\');\nrequire(\'unicode-2.1.2/categories/Lm/regex\');\n\nrequire(\'unicode-2.1.2/categories/Mn/code-points\');\nrequire(\'unicode-2.1.2/categories/Mn/symbols\');\nrequire(\'unicode-2.1.2/categories/Mn/regex\');\n\nrequire(\'unicode-2.1.2/categories/M/code-points\');\nrequire(\'unicode-2.1.2/categories/M/symbols\');\nrequire(\'unicode-2.1.2/categories/M/regex\');\n\nrequire(\'unicode-2.1.2/categories/Me/code-points\');\nrequire(\'unicode-2.1.2/categories/Me/symbols\');\nrequire(\'unicode-2.1.2/categories/Me/regex\');\n\nrequire(\'unicode-2.1.2/categories/Mc/code-points\');\nrequire(\'unicode-2.1.2/categories/Mc/symbols\');\nrequire(\'unicode-2.1.2/categories/Mc/regex\');\n\nrequire(\'unicode-2.1.2/categories/Cf/code-points\');\nrequire(\'unicode-2.1.2/categories/Cf/symbols\');\nrequire(\'unicode-2.1.2/categories/Cf/regex\');\n\nrequire(\'unicode-2.1.2/categories/Zl/code-points\');\nrequire(\'unicode-2.1.2/categories/Zl/symbols\');\nrequire(\'unicode-2.1.2/categories/Zl/regex\');\n\nrequire(\'unicode-2.1.2/categories/Zp/code-points\');\nrequire(\'unicode-2.1.2/categories/Zp/symbols\');\nrequire(\'unicode-2.1.2/categories/Zp/regex\');\n\nrequire(\'unicode-2.1.2/categories/Nl/code-points\');\nrequire(\'unicode-2.1.2/categories/Nl/symbols\');\nrequire(\'unicode-2.1.2/categories/Nl/regex\');\n\nrequire(\'unicode-2.1.2/categories/Cs/code-points\');\nrequire(\'unicode-2.1.2/categories/Cs/symbols\');\nrequire(\'unicode-2.1.2/categories/Cs/regex\');\n\nrequire(\'unicode-2.1.2/categories/Co/code-points\');\nrequire(\'unicode-2.1.2/categories/Co/symbols\');\nrequire(\'unicode-2.1.2/categories/Co/regex\');\n\n// bidi:\n\nrequire(\'unicode-2.1.2/bidi\')[ codePoint ]; // lookup array\n\nrequire(\'unicode-2.1.2/bidi/ON/code-points\');\nrequire(\'unicode-2.1.2/bidi/ON/symbols\');\nrequire(\'unicode-2.1.2/bidi/ON/regex\');\n\nrequire(\'unicode-2.1.2/bidi/S/code-points\');\nrequire(\'unicode-2.1.2/bidi/S/symbols\');\nrequire(\'unicode-2.1.2/bidi/S/regex\');\n\nrequire(\'unicode-2.1.2/bidi/WS/code-points\');\nrequire(\'unicode-2.1.2/bidi/WS/symbols\');\nrequire(\'unicode-2.1.2/bidi/WS/regex\');\n\nrequire(\'unicode-2.1.2/bidi/ET/code-points\');\nrequire(\'unicode-2.1.2/bidi/ET/symbols\');\nrequire(\'unicode-2.1.2/bidi/ET/regex\');\n\nrequire(\'unicode-2.1.2/bidi/CS/code-points\');\nrequire(\'unicode-2.1.2/bidi/CS/symbols\');\nrequire(\'unicode-2.1.2/bidi/CS/regex\');\n\nrequire(\'unicode-2.1.2/bidi/ES/code-points\');\nrequire(\'unicode-2.1.2/bidi/ES/symbols\');\nrequire(\'unicode-2.1.2/bidi/ES/regex\');\n\nrequire(\'unicode-2.1.2/bidi/EN/code-points\');\nrequire(\'unicode-2.1.2/bidi/EN/symbols\');\nrequire(\'unicode-2.1.2/bidi/EN/regex\');\n\nrequire(\'unicode-2.1.2/bidi/L/code-points\');\nrequire(\'unicode-2.1.2/bidi/L/symbols\');\nrequire(\'unicode-2.1.2/bidi/L/regex\');\n\nrequire(\'unicode-2.1.2/bidi/R/code-points\');\nrequire(\'unicode-2.1.2/bidi/R/symbols\');\nrequire(\'unicode-2.1.2/bidi/R/regex\');\n\nrequire(\'unicode-2.1.2/bidi/AN/code-points\');\nrequire(\'unicode-2.1.2/bidi/AN/symbols\');\nrequire(\'unicode-2.1.2/bidi/AN/regex\');\n\nrequire(\'unicode-2.1.2/bidi/B/code-points\');\nrequire(\'unicode-2.1.2/bidi/B/symbols\');\nrequire(\'unicode-2.1.2/bidi/B/regex\');\n```\n\n## Author\n\n| [![twitter/mathias](https://gravatar.com/avatar/24e08a9ea84deb17ae121074d0f17125?s=70)](https://twitter.com/mathias "Follow @mathias on Twitter") |\n|---|\n| [Mathias Bynens](http://mathiasbynens.be/) |\n\n## License\n\nThis module is available under the [MIT](http://mths.be/mit) license.\n',
29 silly publish   readmeFilename: 'README.md',
29 silly publish   gitHead: 'fba6f15058cfbed453d622b5c4bce7c86ad09052',
29 silly publish   _id: 'unicode-2.1.2@0.1.4',
29 silly publish   scripts: {},
29 silly publish   _shasum: '3840e3f8ccec9115ff06e922894df7640fe96ab4',
29 silly publish   _from: '.' }
30 verbose url raw unicode-2.1.2
31 verbose url resolving [ 'https://registry.npmjs.org/', './unicode-2.1.2' ]
32 verbose url resolved https://registry.npmjs.org/unicode-2.1.2
33 info trying registry request attempt 1 at 16:58:45
34 http PUT https://registry.npmjs.org/unicode-2.1.2
35 http 403 https://registry.npmjs.org/unicode-2.1.2
36 verbose headers { date: 'Wed, 28 May 2014 14:59:25 GMT',
36 verbose headers   server: 'CouchDB/1.5.0 (Erlang OTP/R14B04)',
36 verbose headers   'content-type': 'application/json',
36 verbose headers   'cache-control': 'max-age=1',
36 verbose headers   'content-length': '14471',
36 verbose headers   'accept-ranges': 'bytes',
36 verbose headers   via: '1.1 varnish',
36 verbose headers   'x-served-by': 'cache-am72-AMS',
36 verbose headers   'x-cache': 'MISS',
36 verbose headers   'x-cache-hits': '0',
36 verbose headers   'x-timer': 'S1401289123.262638,VS0,VE41896',
36 verbose headers   'keep-alive': 'timeout=10, max=50',
36 verbose headers   connection: 'Keep-Alive' }
37 error publish Failed PUT 403
38 error Error: forbidden cannot modify pre-existing version: 0.1.4
38 error old={"name":"unicode-2.1.2","version":"0.1.4","description":"JavaScript-compatible Unicode data. Arrays of code points, arrays of symbols, and regular expressions for Unicode v2.1.2’s categories, scripts, blocks, bidi, and other properties.","homepage":"http://mths.be/node-unicode-data","main":"index.js","keywords":["unicode","unicode-data","code points","symbols","characters","bidi","case-folding","regex","regexp","data"],"licenses":[{"type":"MIT","url":"http://mths.be/mit"}],"author":{"name":"Mathias Bynens","url":"http://mathiasbynens.be/"},"repository":{"type":"git","url":"https://github.com/mathiasbynens/node-unicode-data.git"},"bugs":{"url":"https://github.com/mathiasbynens/node-unicode-data/issues"},"gitHead":"fba6f15058cfbed453d622b5c4bce7c86ad09052","_id":"unicode-2.1.2@0.1.4","scripts":{},"_shasum":"96f435a16645e5bf55911b4500091392797cbe34","_from":".","_npmVersion":"1.4.13","_npmUser":{"name":"mathias","email":"mathias@qiwi.be"},"maintainers":[{"name":"mathias","email":"mathias@qiwi.be"}],"dist":{"shasum":"96f435a16645e5bf55911b4500091392797cbe34","tarball":"http://registry.npmjs.org/unicode-2.1.2/-/unicode-2.1.2-0.1.4.tgz"}}
38 error new={"name":"unicode-2.1.2","version":"0.1.4","description":"JavaScript-compatible Unicode data. Arrays of code points, arrays of symbols, and regular expressions for Unicode v2.1.2’s categories, scripts, blocks, bidi, and other properties.","homepage":"http://mths.be/node-unicode-data","main":"index.js","keywords":["unicode","unicode-data","code points","symbols","characters","bidi","case-folding","regex","regexp","data"],"licenses":[{"type":"MIT","url":"http://mths.be/mit"}],"author":{"name":"Mathias Bynens","url":"http://mathiasbynens.be/"},"repository":{"type":"git","url":"https://github.com/mathiasbynens/node-unicode-data.git"},"bugs":{"url":"https://github.com/mathiasbynens/node-unicode-data/issues"},"readme":"# Unicode v2.1.2 data\u000a\u000aJavaScript-compatible Unicode data for use in Node.js. Included: arrays of code points, arrays of symbols, and regular expressions for Unicode v2.1.2’s categories, scripts, blocks, and properties, as well as bidi mirroring and case folding data.\u000a\u000aThe data files in this module are generated as part of the [node-unicode-data](http://mths.be/node-unicode-data) project. Please report any bugs or requests [in the appropriate issue tracker](https://github.com/mathiasbynens/node-unicode-data/issues).\u000a\u000a## Installation\u000a\u000a```bash\u000anpm install unicode-2.1.2 --save\u000a```\u000a\u000a## Regular expressions\u000a\u000aThe Unicode data modules ship with pre-compiled regular expressions for categories, scripts, blocks, and properties. But maybe you want to create a single regular expression that combines several categories, scripts, etc. In that case, [***you should use Regenerate***](http://mths.be/regenerate). For example, to construct a regex that matches all symbols in the Arabic and Greek scripts as per Unicode v6.3.0:\u000a\u000a```js\u000avar regenerate = require('regenerate');\u000avar set = regenerate()\u000a  .add(require('unicode-6.3.0/scripts/Arabic/code-points')) // or `…/symbols`, doesn’t matter\u000a  .add(require('unicode-6.3.0/scripts/Greek/code-points')); // or `…/symbols`, doesn’t matter\u000aconsole.log(set.toString());\u000a// Then you might want to use a template like this to write the result to a file, along with any regex flags you might need:\u000a// var regex = /<%= set.toString() %>/gim;\u000a```\u000a\u000a## Usage\u000a\u000a```js\u000a// Get an array of code points in a given Unicode category:\u000avar codePoints = require('unicode-2.1.2/categories/Lu/code-points');\u000a// Get an array of symbols (strings) in a given Unicode category:\u000avar symbols = require('unicode-2.1.2/categories/Lu/symbols');\u000a// Get a regular expression that matches any symbol in a given Unicode category:\u000avar regex = require('unicode-2.1.2/categories/Lu/regex');\u000a// Get the canonical category a given code point belongs to:\u000a// (Note: U+0041 is LATIN CAPITAL LETTER A)\u000avar category = require('unicode-2.1.2/categories')[ 0x41 ];\u000a// Get an array of all code points with the `Bidi_ON` bidi property:\u000avar on = require('unicode-2.1.2/bidi/ON/code-points');\u000a// Get the directionality of a given code point:\u000avar directionality = require('unicode-2.1.2/bidi')[ 0x41 ];\u000a\u000a// …you get the idea.\u000a```\u000a\u000aOther than categories, data on Unicode properties, blocks, and scripts is available too (for recent versions of the Unicode standard). Here’s the full list of the available data for v2.1.2:\u000a\u000a```js\u000a// properties:\u000a\u000arequire('unicode-2.1.2/properties/Any/code-points');\u000arequire('unicode-2.1.2/properties/Any/symbols');\u000arequire('unicode-2.1.2/properties/Any/regex');\u000a\u000arequire('unicode-2.1.2/properties/Assigned/code-points');\u000arequire('unicode-2.1.2/properties/Assigned/symbols');\u000arequire('unicode-2.1.2/properties/Assigned/regex');\u000a\u000arequire('unicode-2.1.2/properties/ASCII/code-points');\u000arequire('unicode-2.1.2/properties/ASCII/symbols');\u000arequire('unicode-2.1.2/properties/ASCII/regex');\u000a\u000a// categories:\u000a\u000arequire('unicode-2.1.2/categories')[ codePoint ]; // lookup array\u000a\u000arequire('unicode-2.1.2/categories/Cc/code-points');\u000arequire('unicode-2.1.2/categories/Cc/symbols');\u000arequire('unicode-2.1.2/categories/Cc/regex');\u000a\u000arequire('unicode-2.1.2/categories/C/code-points');\u000arequire('unicode-2.1.2/categories/C/symbols');\u000arequire('unicode-2.1.2/categories/C/regex');\u000a\u000arequire('unicode-2.1.2/categories/Zs/code-points');\u000arequire('unicode-2.1.2/categories/Zs/symbols');\u000arequire('unicode-2.1.2/categories/Zs/regex');\u000a\u000arequire('unicode-2.1.2/categories/Z/code-points');\u000arequire('unicode-2.1.2/categories/Z/symbols');\u000arequire('unicode-2.1.2/categories/Z/regex');\u000a\u000arequire('unicode-2.1.2/categories/Po/code-points');\u000arequire('unicode-2.1.2/categories/Po/symbols');\u000arequire('unicode-2.1.2/categories/Po/regex');\u000a\u000arequire('unicode-2.1.2/categories/P/code-points');\u000arequire('unicode-2.1.2/categories/P/symbols');\u000arequire('unicode-2.1.2/categories/P/regex');\u000a\u000arequire('unicode-2.1.2/categories/Sc/code-points');\u000arequire('unicode-2.1.2/categories/Sc/symbols');\u000arequire('unicode-2.1.2/categories/Sc/regex');\u000a\u000arequire('unicode-2.1.2/categories/S/code-points');\u000arequire('unicode-2.1.2/categories/S/symbols');\u000arequire('unicode-2.1.2/categories/S/regex');\u000a\u000arequire('unicode-2.1.2/categories/Ps/code-points');\u000arequire('unicode-2.1.2/categories/Ps/symbols');\u000arequire('unicode-2.1.2/categories/Ps/regex');\u000a\u000arequire('unicode-2.1.2/categories/Pe/code-points');\u000arequire('unicode-2.1.2/categories/Pe/symbols');\u000arequire('unicode-2.1.2/categories/Pe/regex');\u000a\u000arequire('unicode-2.1.2/categories/Sm/code-points');\u000arequire('unicode-2.1.2/categories/Sm/symbols');\u000arequire('unicode-2.1.2/categories/Sm/regex');\u000a\u000arequire('unicode-2.1.2/categories/Pd/code-points');\u000arequire('unicode-2.1.2/categories/Pd/symbols');\u000arequire('unicode-2.1.2/categories/Pd/regex');\u000a\u000arequire('unicode-2.1.2/categories/Nd/code-points');\u000arequire('unicode-2.1.2/categories/Nd/symbols');\u000arequire('unicode-2.1.2/categories/Nd/regex');\u000a\u000arequire('unicode-2.1.2/categories/N/code-points');\u000arequire('unicode-2.1.2/categories/N/symbols');\u000arequire('unicode-2.1.2/categories/N/regex');\u000a\u000arequire('unicode-2.1.2/categories/Lu/code-points');\u000arequire('unicode-2.1.2/categories/Lu/symbols');\u000arequire('unicode-2.1.2/categories/Lu/regex');\u000a\u000arequire('unicode-2.1.2/categories/L/code-points');\u000arequire('unicode-2.1.2/categories/L/symbols');\u000arequire('unicode-2.1.2/categories/L/regex');\u000a\u000arequire('unicode-2.1.2/categories/LC/code-points');\u000arequire('unicode-2.1.2/categories/LC/symbols');\u000arequire('unicode-2.1.2/categories/LC/regex');\u000a\u000arequire('unicode-2.1.2/categories/Sk/code-points');\u000arequire('unicode-2.1.2/categories/Sk/symbols');\u000arequire('unicode-2.1.2/categories/Sk/regex');\u000a\u000arequire('unicode-2.1.2/categories/Pc/code-points');\u000arequire('unicode-2.1.2/categories/Pc/symbols');\u000arequire('unicode-2.1.2/categories/Pc/regex');\u000a\u000arequire('unicode-2.1.2/categories/Ll/code-points');\u000arequire('unicode-2.1.2/categories/Ll/symbols');\u000arequire('unicode-2.1.2/categories/Ll/regex');\u000a\u000arequire('unicode-2.1.2/categories/So/code-points');\u000arequire('unicode-2.1.2/categories/So/symbols');\u000arequire('unicode-2.1.2/categories/So/regex');\u000a\u000arequire('unicode-2.1.2/categories/No/code-points');\u000arequire('unicode-2.1.2/categories/No/symbols');\u000arequire('unicode-2.1.2/categories/No/regex');\u000a\u000arequire('unicode-2.1.2/categories/Lo/code-points');\u000arequire('unicode-2.1.2/categories/Lo/symbols');\u000arequire('unicode-2.1.2/categories/Lo/regex');\u000a\u000arequire('unicode-2.1.2/categories/Lt/code-points');\u000arequire('unicode-2.1.2/categories/Lt/symbols');\u000arequire('unicode-2.1.2/categories/Lt/regex');\u000a\u000arequire('unicode-2.1.2/categories/Cn/code-points');\u000arequire('unicode-2.1.2/categories/Cn/symbols');\u000arequire('unicode-2.1.2/categories/Cn/regex');\u000a\u000arequire('unicode-2.1.2/categories/Lm/code-points');\u000arequire('unicode-2.1.2/categories/Lm/symbols');\u000arequire('unicode-2.1.2/categories/Lm/regex');\u000a\u000arequire('unicode-2.1.2/categories/Mn/code-points');\u000arequire('unicode-2.1.2/categories/Mn/symbols');\u000arequire('unicode-2.1.2/categories/Mn/regex');\u000a\u000arequire('unicode-2.1.2/categories/M/code-points');\u000arequire('unicode-2.1.2/categories/M/symbols');\u000arequire('unicode-2.1.2/categories/M/regex');\u000a\u000arequire('unicode-2.1.2/categories/Me/code-points');\u000arequire('unicode-2.1.2/categories/Me/symbols');\u000arequire('unicode-2.1.2/categories/Me/regex');\u000a\u000arequire('unicode-2.1.2/categories/Mc/code-points');\u000arequire('unicode-2.1.2/categories/Mc/symbols');\u000arequire('unicode-2.1.2/categories/Mc/regex');\u000a\u000arequire('unicode-2.1.2/categories/Cf/code-points');\u000arequire('unicode-2.1.2/categories/Cf/symbols');\u000arequire('unicode-2.1.2/categories/Cf/regex');\u000a\u000arequire('unicode-2.1.2/categories/Zl/code-points');\u000arequire('unicode-2.1.2/categories/Zl/symbols');\u000arequire('unicode-2.1.2/categories/Zl/regex');\u000a\u000arequire('unicode-2.1.2/categories/Zp/code-points');\u000arequire('unicode-2.1.2/categories/Zp/symbols');\u000arequire('unicode-2.1.2/categories/Zp/regex');\u000a\u000arequire('unicode-2.1.2/categories/Nl/code-points');\u000arequire('unicode-2.1.2/categories/Nl/symbols');\u000arequire('unicode-2.1.2/categories/Nl/regex');\u000a\u000arequire('unicode-2.1.2/categories/Cs/code-points');\u000arequire('unicode-2.1.2/categories/Cs/symbols');\u000arequire('unicode-2.1.2/categories/Cs/regex');\u000a\u000arequire('unicode-2.1.2/categories/Co/code-points');\u000arequire('unicode-2.1.2/categories/Co/symbols');\u000arequire('unicode-2.1.2/categories/Co/regex');\u000a\u000a// bidi:\u000a\u000arequire('unicode-2.1.2/bidi')[ codePoint ]; // lookup array\u000a\u000arequire('unicode-2.1.2/bidi/ON/code-points');\u000arequire('unicode-2.1.2/bidi/ON/symbols');\u000arequire('unicode-2.1.2/bidi/ON/regex');\u000a\u000arequire('unicode-2.1.2/bidi/S/code-points');\u000arequire('unicode-2.1.2/bidi/S/symbols');\u000arequire('unicode-2.1.2/bidi/S/regex');\u000a\u000arequire('unicode-2.1.2/bidi/WS/code-points');\u000arequire('unicode-2.1.2/bidi/WS/symbols');\u000arequire('unicode-2.1.2/bidi/WS/regex');\u000a\u000arequire('unicode-2.1.2/bidi/ET/code-points');\u000arequire('unicode-2.1.2/bidi/ET/symbols');\u000arequire('unicode-2.1.2/bidi/ET/regex');\u000a\u000arequire('unicode-2.1.2/bidi/CS/code-points');\u000arequire('unicode-2.1.2/bidi/CS/symbols');\u000arequire('unicode-2.1.2/bidi/CS/regex');\u000a\u000arequire('unicode-2.1.2/bidi/ES/code-points');\u000arequire('unicode-2.1.2/bidi/ES/symbols');\u000arequire('unicode-2.1.2/bidi/ES/regex');\u000a\u000arequire('unicode-2.1.2/bidi/EN/code-points');\u000arequire('unicode-2.1.2/bidi/EN/symbols');\u000arequire('unicode-2.1.2/bidi/EN/regex');\u000a\u000arequire('unicode-2.1.2/bidi/L/code-points');\u000arequire('unicode-2.1.2/bidi/L/symbols');\u000arequire('unicode-2.1.2/bidi/L/regex');\u000a\u000arequire('unicode-2.1.2/bidi/R/code-points');\u000arequire('unicode-2.1.2/bidi/R/symbols');\u000arequire('unicode-2.1.2/bidi/R/regex');\u000a\u000arequire('unicode-2.1.2/bidi/AN/code-points');\u000arequire('unicode-2.1.2/bidi/AN/symbols');\u000arequire('unicode-2.1.2/bidi/AN/regex');\u000a\u000arequire('unicode-2.1.2/bidi/B/code-points');\u000arequire('unicode-2.1.2/bidi/B/symbols');\u000arequire('unicode-2.1.2/bidi/B/regex');\u000a```\u000a\u000a## Author\u000a\u000a| [![twitter/mathias](https://gravatar.com/avatar/24e08a9ea84deb17ae121074d0f17125?s=70)](https://twitter.com/mathias \"Follow @mathias on Twitter\") |\u000a|---|\u000a| [Mathias Bynens](http://mathiasbynens.be/) |\u000a\u000a## License\u000a\u000aThis module is available under the [MIT](http://mths.be/mit) license.\u000a","readmeFilename":"README.md","gitHead":"fba6f15058cfbed453d622b5c4bce7c86ad09052","_id":"unicode-2.1.2@0.1.4","scripts":{},"_shasum":"3840e3f8ccec9115ff06e922894df7640fe96ab4","_from":".","_npmVersion":"1.4.13","_npmUser":{"name":"mathias","email":"mathias@qiwi.be"},"maintainers":[{"name":"mathias","email":"mathias@qiwi.be"}],"dist":{"shasum":"3840e3f8ccec9115ff06e922894df7640fe96ab4","tarball":"http://registry.npmjs.org/unicode-2.1.2/-/unicode-2.1.2-0.1.4.tgz"}}: unicode-2.1.2
38 error     at RegClient.<anonymous> (/usr/local/lib/node_modules/npm/node_modules/npm-registry-client/lib/request.js:274:14)
38 error     at Request._callback (/usr/local/lib/node_modules/npm/node_modules/npm-registry-client/lib/request.js:212:65)
38 error     at Request.self.callback (/usr/local/lib/node_modules/npm/node_modules/request/request.js:123:22)
38 error     at Request.EventEmitter.emit (events.js:98:17)
38 error     at Request.<anonymous> (/usr/local/lib/node_modules/npm/node_modules/request/request.js:893:14)
38 error     at Request.EventEmitter.emit (events.js:117:20)
38 error     at IncomingMessage.<anonymous> (/usr/local/lib/node_modules/npm/node_modules/request/request.js:844:12)
38 error     at IncomingMessage.EventEmitter.emit (events.js:117:20)
38 error     at _stream_readable.js:919:16
38 error     at process._tickCallback (node.js:419:13)
39 error If you need help, you may report this *entire* log,
39 error including the npm and node versions, at:
39 error     <http://github.com/npm/npm/issues>
40 error System Darwin 13.2.0
41 error command "node" "/usr/local/bin/npm" "publish"
42 error cwd /Users/mathias/projects/node-unicode-data/output/unicode-2.1.2
43 error node -v v0.10.28
44 error npm -v 1.4.13
45 verbose exit [ 1, true ]
